<?xml version="1.0" encoding="UTF-8"?>
<testsuite name="com.caffe.latte.AopTest" tests="3" skipped="0" failures="0" errors="0" timestamp="2022-06-20T09:19:12" hostname="HSJ" time="0.532">
  <properties/>
  <testcase name="success()" classname="com.caffe.latte.AopTest" time="0.473"/>
  <testcase name="aopInfo()" classname="com.caffe.latte.AopTest" time="0.003"/>
  <testcase name="exception()" classname="com.caffe.latte.AopTest" time="0.054"/>
  <system-out><![CDATA[18:19:11.159 [Test worker] DEBUG org.springframework.test.context.BootstrapUtils - Instantiating CacheAwareContextLoaderDelegate from class [org.springframework.test.context.cache.DefaultCacheAwareContextLoaderDelegate]
18:19:11.169 [Test worker] DEBUG org.springframework.test.context.BootstrapUtils - Instantiating BootstrapContext using constructor [public org.springframework.test.context.support.DefaultBootstrapContext(java.lang.Class,org.springframework.test.context.CacheAwareContextLoaderDelegate)]
18:19:11.199 [Test worker] DEBUG org.springframework.test.context.BootstrapUtils - Instantiating TestContextBootstrapper for test class [com.caffe.latte.AopTest] from class [org.springframework.boot.test.context.SpringBootTestContextBootstrapper]
18:19:11.208 [Test worker] INFO org.springframework.boot.test.context.SpringBootTestContextBootstrapper - Neither @ContextConfiguration nor @ContextHierarchy found for test class [com.caffe.latte.AopTest], using SpringBootContextLoader
18:19:11.212 [Test worker] DEBUG org.springframework.test.context.support.AbstractContextLoader - Did not detect default resource location for test class [com.caffe.latte.AopTest]: class path resource [com/caffe/latte/AopTest-context.xml] does not exist
18:19:11.212 [Test worker] DEBUG org.springframework.test.context.support.AbstractContextLoader - Did not detect default resource location for test class [com.caffe.latte.AopTest]: class path resource [com/caffe/latte/AopTestContext.groovy] does not exist
18:19:11.212 [Test worker] INFO org.springframework.test.context.support.AbstractContextLoader - Could not detect default resource locations for test class [com.caffe.latte.AopTest]: no resource found for suffixes {-context.xml, Context.groovy}.
18:19:11.213 [Test worker] INFO org.springframework.test.context.support.AnnotationConfigContextLoaderUtils - Could not detect default configuration classes for test class [com.caffe.latte.AopTest]: AopTest does not declare any static, non-private, non-final, nested classes annotated with @Configuration.
18:19:11.253 [Test worker] DEBUG org.springframework.test.context.support.ActiveProfilesUtils - Could not find an 'annotation declaring class' for annotation type [org.springframework.test.context.ActiveProfiles] and class [com.caffe.latte.AopTest]
18:19:11.312 [Test worker] DEBUG org.springframework.context.annotation.ClassPathScanningCandidateComponentProvider - Identified candidate component class: file [C:\Users\hsj99\Downloads\latte\latte\build\classes\java\main\com\caffe\latte\LatteApplication.class]
18:19:11.313 [Test worker] INFO org.springframework.boot.test.context.SpringBootTestContextBootstrapper - Found @SpringBootConfiguration com.caffe.latte.LatteApplication for test class com.caffe.latte.AopTest
18:19:11.454 [Test worker] DEBUG org.springframework.boot.test.context.SpringBootTestContextBootstrapper - @TestExecutionListeners is not present for class [com.caffe.latte.AopTest]: using defaults.
18:19:11.455 [Test worker] INFO org.springframework.boot.test.context.SpringBootTestContextBootstrapper - Loaded default TestExecutionListener class names from location [META-INF/spring.factories]: [org.springframework.boot.test.autoconfigure.restdocs.RestDocsTestExecutionListener, org.springframework.boot.test.autoconfigure.web.client.MockRestServiceServerResetTestExecutionListener, org.springframework.boot.test.autoconfigure.web.servlet.MockMvcPrintOnlyOnFailureTestExecutionListener, org.springframework.boot.test.autoconfigure.web.servlet.WebDriverTestExecutionListener, org.springframework.boot.test.autoconfigure.webservices.client.MockWebServiceServerTestExecutionListener, org.springframework.boot.test.mock.mockito.MockitoTestExecutionListener, org.springframework.boot.test.mock.mockito.ResetMocksTestExecutionListener, org.springframework.test.context.web.ServletTestExecutionListener, org.springframework.test.context.support.DirtiesContextBeforeModesTestExecutionListener, org.springframework.test.context.event.ApplicationEventsTestExecutionListener, org.springframework.test.context.support.DependencyInjectionTestExecutionListener, org.springframework.test.context.support.DirtiesContextTestExecutionListener, org.springframework.test.context.transaction.TransactionalTestExecutionListener, org.springframework.test.context.jdbc.SqlScriptsTestExecutionListener, org.springframework.test.context.event.EventPublishingTestExecutionListener]
18:19:11.464 [Test worker] DEBUG org.springframework.boot.test.context.SpringBootTestContextBootstrapper - Skipping candidate TestExecutionListener [org.springframework.test.context.web.ServletTestExecutionListener] due to a missing dependency. Specify custom listener classes or make the default listener classes and their required dependencies available. Offending class: [javax/servlet/ServletContext]
18:19:11.465 [Test worker] DEBUG org.springframework.boot.test.context.SpringBootTestContextBootstrapper - Skipping candidate TestExecutionListener [org.springframework.test.context.transaction.TransactionalTestExecutionListener] due to a missing dependency. Specify custom listener classes or make the default listener classes and their required dependencies available. Offending class: [org/springframework/transaction/interceptor/TransactionAttributeSource]
18:19:11.467 [Test worker] DEBUG org.springframework.boot.test.context.SpringBootTestContextBootstrapper - Skipping candidate TestExecutionListener [org.springframework.test.context.jdbc.SqlScriptsTestExecutionListener] due to a missing dependency. Specify custom listener classes or make the default listener classes and their required dependencies available. Offending class: [org/springframework/transaction/interceptor/TransactionAttribute]
18:19:11.467 [Test worker] INFO org.springframework.boot.test.context.SpringBootTestContextBootstrapper - Using TestExecutionListeners: [org.springframework.test.context.support.DirtiesContextBeforeModesTestExecutionListener@1c55f277, org.springframework.test.context.event.ApplicationEventsTestExecutionListener@5ddabb18, org.springframework.boot.test.mock.mockito.MockitoTestExecutionListener@3e8f7922, org.springframework.boot.test.autoconfigure.SpringBootDependencyInjectionTestExecutionListener@63192798, org.springframework.test.context.support.DirtiesContextTestExecutionListener@50eca7c6, org.springframework.test.context.event.EventPublishingTestExecutionListener@58e6d4b8, org.springframework.boot.test.autoconfigure.restdocs.RestDocsTestExecutionListener@1de5f0ef, org.springframework.boot.test.autoconfigure.web.client.MockRestServiceServerResetTestExecutionListener@376a312c, org.springframework.boot.test.autoconfigure.web.servlet.MockMvcPrintOnlyOnFailureTestExecutionListener@28d6290, org.springframework.boot.test.autoconfigure.web.servlet.WebDriverTestExecutionListener@6ca0256d, org.springframework.boot.test.autoconfigure.webservices.client.MockWebServiceServerTestExecutionListener@5ef0d29e, org.springframework.boot.test.mock.mockito.ResetMocksTestExecutionListener@38f57b3d]
18:19:11.473 [Test worker] DEBUG org.springframework.test.context.support.AbstractDirtiesContextTestExecutionListener - Before test class: context [DefaultTestContext@6a66a204 testClass = AopTest, testInstance = [null], testMethod = [null], testException = [null], mergedContextConfiguration = [MergedContextConfiguration@5860f3d7 testClass = AopTest, locations = '{}', classes = '{class com.caffe.latte.LatteApplication}', contextInitializerClasses = '[]', activeProfiles = '{}', propertySourceLocations = '{}', propertySourceProperties = '{org.springframework.boot.test.context.SpringBootTestContextBootstrapper=true}', contextCustomizers = set[org.springframework.boot.test.autoconfigure.actuate.metrics.MetricsExportContextCustomizerFactory$DisableMetricExportContextCustomizer@4b40f651, org.springframework.boot.test.autoconfigure.properties.PropertyMappingContextCustomizer@0, org.springframework.boot.test.autoconfigure.web.servlet.WebDriverContextCustomizerFactory$Customizer@336f1079, [ImportsContextCustomizer@1d7f7be7 key = [com.caffe.latte.aop.a.Aspect6]], org.springframework.boot.test.context.filter.ExcludeFilterContextCustomizer@22356acd, org.springframework.boot.test.json.DuplicateJsonObjectContextCustomizerFactory$DuplicateJsonObjectContextCustomizer@7dda48d9, org.springframework.boot.test.mock.mockito.MockitoContextCustomizer@0, org.springframework.boot.test.web.client.TestRestTemplateContextCustomizer@21a21c64, org.springframework.boot.test.context.SpringBootTestArgs@1, org.springframework.boot.test.context.SpringBootTestWebEnvironment@67080771], contextLoader = 'org.springframework.boot.test.context.SpringBootContextLoader', parent = [null]], attributes = map[[empty]]], class annotated with @DirtiesContext [false] with mode [null].
18:19:11.489 [Test worker] DEBUG org.springframework.test.context.support.DependencyInjectionTestExecutionListener - Performing dependency injection for test context [[DefaultTestContext@6a66a204 testClass = AopTest, testInstance = com.caffe.latte.AopTest@4052274f, testMethod = [null], testException = [null], mergedContextConfiguration = [MergedContextConfiguration@5860f3d7 testClass = AopTest, locations = '{}', classes = '{class com.caffe.latte.LatteApplication}', contextInitializerClasses = '[]', activeProfiles = '{}', propertySourceLocations = '{}', propertySourceProperties = '{org.springframework.boot.test.context.SpringBootTestContextBootstrapper=true}', contextCustomizers = set[org.springframework.boot.test.autoconfigure.actuate.metrics.MetricsExportContextCustomizerFactory$DisableMetricExportContextCustomizer@4b40f651, org.springframework.boot.test.autoconfigure.properties.PropertyMappingContextCustomizer@0, org.springframework.boot.test.autoconfigure.web.servlet.WebDriverContextCustomizerFactory$Customizer@336f1079, [ImportsContextCustomizer@1d7f7be7 key = [com.caffe.latte.aop.a.Aspect6]], org.springframework.boot.test.context.filter.ExcludeFilterContextCustomizer@22356acd, org.springframework.boot.test.json.DuplicateJsonObjectContextCustomizerFactory$DuplicateJsonObjectContextCustomizer@7dda48d9, org.springframework.boot.test.mock.mockito.MockitoContextCustomizer@0, org.springframework.boot.test.web.client.TestRestTemplateContextCustomizer@21a21c64, org.springframework.boot.test.context.SpringBootTestArgs@1, org.springframework.boot.test.context.SpringBootTestWebEnvironment@67080771], contextLoader = 'org.springframework.boot.test.context.SpringBootContextLoader', parent = [null]], attributes = map['org.springframework.test.context.event.ApplicationEventsTestExecutionListener.recordApplicationEvents' -> false]]].

  .   ____          _            __ _ _
 /\\ / ___'_ __ _ _(_)_ __  __ _ \ \ \ \
( ( )\___ | '_ | '_| | '_ \/ _` | \ \ \ \
 \\/  ___)| |_)| | | | | || (_| |  ) ) ) )
  '  |____| .__|_| |_|_| |_\__, | / / / /
 =========|_|==============|___/=/_/_/_/
 :: Spring Boot ::                (v2.7.0)

2022-06-20 18:19:11.864  INFO 1844 --- [    Test worker] com.caffe.latte.AopTest                  : Starting AopTest using Java 17.0.2 on hsj with PID 1844 (started by hsj99 in C:\Users\hsj99\Downloads\latte\latte)
2022-06-20 18:19:11.865  INFO 1844 --- [    Test worker] com.caffe.latte.AopTest                  : No active profile set, falling back to 1 default profile: "default"
2022-06-20 18:19:12.766  INFO 1844 --- [    Test worker] com.caffe.latte.AopTest                  : Started AopTest in 1.235 seconds (JVM running for 2.432)
2022-06-20 18:19:13.236  INFO 1844 --- [    Test worker] com.caffe.latte.aop.a.Aspect6            : [around] 트랜잭션 시작 -> void com.caffe.latte.aop.OrderService.orderItem(String)
2022-06-20 18:19:13.237  INFO 1844 --- [    Test worker] com.caffe.latte.aop.a.Aspect6            : [before] void com.caffe.latte.aop.OrderService.orderItem(String)
2022-06-20 18:19:13.246  INFO 1844 --- [    Test worker] com.caffe.latte.aop.OrderService         : [orderService] 실행
2022-06-20 18:19:13.247  INFO 1844 --- [    Test worker] com.caffe.latte.aop.OrderRepository      : [orderRepository]실행
2022-06-20 18:19:13.247  INFO 1844 --- [    Test worker] com.caffe.latte.aop.a.Aspect6            : [return] void com.caffe.latte.aop.OrderService.orderItem(String) return=null
2022-06-20 18:19:13.247  INFO 1844 --- [    Test worker] com.caffe.latte.aop.a.Aspect6            : [after] void com.caffe.latte.aop.OrderService.orderItem(String)
2022-06-20 18:19:13.247  INFO 1844 --- [    Test worker] com.caffe.latte.aop.a.Aspect6            : [around] 트랜잭션 커밋 -> void com.caffe.latte.aop.OrderService.orderItem(String)
2022-06-20 18:19:13.247  INFO 1844 --- [    Test worker] com.caffe.latte.aop.a.Aspect6            : [around] 리소스 릴리즈 -> void com.caffe.latte.aop.OrderService.orderItem(String)
2022-06-20 18:19:13.257  INFO 1844 --- [    Test worker] com.caffe.latte.AopTest                  : isAopProxy, orderService=true
2022-06-20 18:19:13.257  INFO 1844 --- [    Test worker] com.caffe.latte.AopTest                  : isAopProxy, orderRepository=false
2022-06-20 18:19:13.296  INFO 1844 --- [    Test worker] com.caffe.latte.aop.a.Aspect6            : [around] 트랜잭션 시작 -> void com.caffe.latte.aop.OrderService.orderItem(String)
2022-06-20 18:19:13.296  INFO 1844 --- [    Test worker] com.caffe.latte.aop.a.Aspect6            : [before] void com.caffe.latte.aop.OrderService.orderItem(String)
2022-06-20 18:19:13.296  INFO 1844 --- [    Test worker] com.caffe.latte.aop.OrderService         : [orderService] 실행
2022-06-20 18:19:13.297  INFO 1844 --- [    Test worker] com.caffe.latte.aop.OrderRepository      : [orderRepository]실행
2022-06-20 18:19:13.297  INFO 1844 --- [    Test worker] com.caffe.latte.aop.a.Aspect6            : [throwing] void com.caffe.latte.aop.OrderService.orderItem(String) message=예외 발생
2022-06-20 18:19:13.297  INFO 1844 --- [    Test worker] com.caffe.latte.aop.a.Aspect6            : [after] void com.caffe.latte.aop.OrderService.orderItem(String)
2022-06-20 18:19:13.297  INFO 1844 --- [    Test worker] com.caffe.latte.aop.a.Aspect6            : [around] 트랜잭션 롤백 -> void com.caffe.latte.aop.OrderService.orderItem(String)
2022-06-20 18:19:13.297  INFO 1844 --- [    Test worker] com.caffe.latte.aop.a.Aspect6            : [around] 리소스 릴리즈 -> void com.caffe.latte.aop.OrderService.orderItem(String)
]]></system-out>
  <system-err><![CDATA[]]></system-err>
</testsuite>
