<?xml version="1.0" encoding="UTF-8"?>
<testsuite name="stringifyJSON_test" tests="13" skipped="0" failures="0" errors="0" timestamp="2022-05-25T06:26:56" hostname="HSJ" time="0.31">
  <properties/>
  <testcase name="null을 입력받을 경우, 알맞은 형태의 JSON으로 변환합니다" classname="stringifyJSON_test" time="0.252"/>
  <testcase name="배열을 입력받을 경우, 알맞은 형태의 JSON으로 변환합니다" classname="stringifyJSON_test" time="0.01"/>
  <testcase name="배열을 입력받을 경우, 알맞은 형태의 JSON으로 변환합니다" classname="stringifyJSON_test" time="0.003"/>
  <testcase name="배열을 입력받을 경우, 알맞은 형태의 JSON으로 변환합니다" classname="stringifyJSON_test" time="0.006"/>
  <testcase name="배열을 입력받을 경우, 알맞은 형태의 JSON으로 변환합니다" classname="stringifyJSON_test" time="0.001"/>
  <testcase name="배열을 입력받을 경우, 알맞은 형태의 JSON으로 변환합니다" classname="stringifyJSON_test" time="0.001"/>
  <testcase name="배열을 입력받을 경우, 알맞은 형태의 JSON으로 변환합니다" classname="stringifyJSON_test" time="0.001"/>
  <testcase name="String 타입을 입력받을 경우, 알맞은 형태의 JSON으로 변환합니다" classname="stringifyJSON_test" time="0.001"/>
  <testcase name="Boolean 타입을 입력받을 경우, 알맞은 형태의 JSON으로 변환합니다" classname="stringifyJSON_test" time="0.001"/>
  <testcase name="Boolean 타입을 입력받을 경우, 알맞은 형태의 JSON으로 변환합니다" classname="stringifyJSON_test" time="0.001"/>
  <testcase name="HashMap을 입력받을 경우, 알맞은 형태의 JSON으로 변환합니다" classname="stringifyJSON_test" time="0.01"/>
  <testcase name="HashMap을 입력받을 경우, 알맞은 형태의 JSON으로 변환합니다" classname="stringifyJSON_test" time="0.017"/>
  <testcase name="HashMap을 입력받을 경우, 알맞은 형태의 JSON으로 변환합니다" classname="stringifyJSON_test" time="0.003"/>
  <system-out><![CDATA[]]></system-out>
  <system-err><![CDATA[]]></system-err>
</testsuite>
